$ vite
Forced re-optimization of dependencies

  VITE v5.4.11  ready in 1288 ms

  ➜  Local:   http://localhost:5173/
  ➜  Network: http://192.168.1.236:5173/
  ➜  Network: http://192.168.1.142:5173/
  ➜  Network: http://198.18.0.1:5173/
  ➜  Network: http://169.254.167.5:5173/
  ➜  press h + enter to show help
Browserslist: browsers data (caniuse-lite) is 16 months old. Please run:
  npx update-browserslist-db@latest
  Why you should do it regularly: https://github.com/browserslist/update-db#readme
Browserslist: browsers data (caniuse-lite) is 11 months old. Please run:
  npx update-browserslist-db@latest
  Why you should do it regularly: https://github.com/browserslist/update-db#readme
05:03:38 [vite] hmr update /src/index.css, /src/components/table/tokens/TokensTable.jsx
05:35:32 [vite] hmr update /src/index.css, /src/components/table/tokens/TokensTable.jsx
05:41:18 [vite] hmr update /src/index.css, /src/components/table/tokens/TokensTable.jsx
05:49:38 [vite] hmr update /src/components/table/channels/ChannelsActions.jsx, /src/index.css
05:56:59 [vite] hmr update /src/index.css, /src/components/table/channels/ChannelsTable.jsx, /src/components/table/channels/modals/ColumnSelectorModal.jsx
06:06:10 [vite] hmr update /src/pages/Setting/Model/SettingModelDeployment.jsx, /src/index.css
08:46:35 [vite] hmr update /src/index.css, /src/components/table/channels/ChannelsTable.jsx, /src/components/table/channels/modals/ColumnSelectorModal.jsx
09:21:37 [vite] hmr update /src/components/common/modals/SecureVerificationModal.jsx, /src/index.css
09:21:37 [vite] hmr update /src/index.css, /src/components/table/channels/ChannelsTable.jsx, /src/components/table/channels/modals/ColumnSelectorModal.jsx
